This is cutadapt 1.14 with Python 2.7.13
Command line parameters: -a GATCGGAAGAGCACACGTCTGAACTCCAGTCAC -A GATCGGAAGAGCGTCGTGTAGGGAAAGAGTGT -f fastq -o 19_3F_fox_R1.trimmed.fastq -p 19_3F_fox_R2.trimmed.fastq 19_3F_fox_S14_L008_R1_001.fastq 19_3F_fox_S14_L008_R2_001.fastq
Trimming 2 adapters with at most 10.0% errors in paired-end mode ...
Finished in 456.56 s (28 us/read; 2.15 M reads/minute).

=== Summary ===

Total read pairs processed:         16,348,255
  Read 1 with adapter:                 426,833 (2.6%)
  Read 2 with adapter:                 463,270 (2.8%)
Pairs written (passing filters):    16,348,255 (100.0%)

Total basepairs processed: 3,302,347,510 bp
  Read 1: 1,651,173,755 bp
  Read 2: 1,651,173,755 bp
Total written (filtered):  3,295,484,929 bp (99.8%)
  Read 1: 1,647,856,561 bp
  Read 2: 1,647,628,368 bp

=== First read: Adapter 1 ===

Sequence: GATCGGAAGAGCACACGTCTGAACTCCAGTCAC; Type: regular 3'; Length: 33; Trimmed: 426833 times.

No. of allowed errors:
0-9 bp: 0; 10-19 bp: 1; 20-29 bp: 2; 30-33 bp: 3

Bases preceding removed adapters:
  A: 56.8%
  C: 8.7%
  G: 16.5%
  T: 18.0%
  none/other: 0.1%

Overview of removed sequences
length	count	expect	max.err	error counts
3	209919	255441.5	0	209919
4	65715	63860.4	0	65715
5	16157	15965.1	0	16157
6	12344	3991.3	0	12344
7	9858	997.8	0	9858
8	8871	249.5	0	8871
9	8072	62.4	0	7806 266
10	7740	15.6	1	7303 437
11	7019	3.9	1	6730 289
12	6359	1.0	1	6132 227
13	5911	0.2	1	5720 191
14	5602	0.1	1	5437 165
15	5317	0.0	1	5127 190
16	4841	0.0	1	4660 181
17	4365	0.0	1	4180 185
18	3995	0.0	1	3829 163 3
19	3504	0.0	1	3376 121 7
20	3230	0.0	2	3052 157 21
21	3060	0.0	2	2907 131 22
22	2728	0.0	2	2601 110 17
23	2513	0.0	2	2378 117 18
24	2389	0.0	2	2258 110 21
25	2216	0.0	2	2059 137 20
26	2011	0.0	2	1893 103 15
27	1936	0.0	2	1822 97 15 2
28	1720	0.0	2	1616 88 11 5
29	1559	0.0	2	1475 74 10
30	1373	0.0	3	1270 78 12 13
31	1290	0.0	3	1205 58 20 7
32	1198	0.0	3	1108 70 15 5
33	1075	0.0	3	1000 63 3 9
34	1011	0.0	3	942 57 7 5
35	1003	0.0	3	941 51 8 3
36	939	0.0	3	874 50 11 4
37	869	0.0	3	823 32 9 5
38	842	0.0	3	778 50 8 6
39	706	0.0	3	653 38 9 6
40	619	0.0	3	577 31 8 3
41	525	0.0	3	490 27 5 3
42	499	0.0	3	459 30 5 5
43	455	0.0	3	418 25 8 4
44	429	0.0	3	406 20 1 2
45	397	0.0	3	372 20 4 1
46	417	0.0	3	385 23 5 4
47	359	0.0	3	337 18 4
48	364	0.0	3	341 19 4
49	334	0.0	3	310 19 5
50	243	0.0	3	220 21 2
51	263	0.0	3	241 13 3 6
52	218	0.0	3	205 11 1 1
53	213	0.0	3	193 17 1 2
54	192	0.0	3	184 5 1 2
55	174	0.0	3	161 10 3
56	179	0.0	3	165 11 1 2
57	143	0.0	3	128 10 1 4
58	130	0.0	3	118 11 1
59	134	0.0	3	119 12 3
60	104	0.0	3	94 9 1
61	102	0.0	3	93 6 1 2
62	99	0.0	3	86 9 2 2
63	77	0.0	3	71 4 2
64	60	0.0	3	55 2 1 2
65	49	0.0	3	46 3
66	47	0.0	3	44 2 1
67	38	0.0	3	33 2 2 1
68	31	0.0	3	29 2
69	33	0.0	3	32 1
70	38	0.0	3	33 3 2
71	20	0.0	3	16 3 0 1
72	19	0.0	3	17 2
73	14	0.0	3	11 3
74	26	0.0	3	21 2 3
75	20	0.0	3	18 2
76	15	0.0	3	12 2 1
77	16	0.0	3	13 1 1 1
78	11	0.0	3	11
79	4	0.0	3	4
80	10	0.0	3	9 1
81	14	0.0	3	13 1
82	27	0.0	3	27
83	14	0.0	3	13 1
84	14	0.0	3	13 0 1
85	2	0.0	3	2
86	16	0.0	3	16
87	4	0.0	3	3 0 1
88	17	0.0	3	17
89	3	0.0	3	3
90	10	0.0	3	8 1 1
91	4	0.0	3	3 1
92	9	0.0	3	6 3
93	3	0.0	3	3
94	8	0.0	3	7 0 1
95	7	0.0	3	7
96	4	0.0	3	4
97	4	0.0	3	2 1 1
98	3	0.0	3	2 1
99	1	0.0	3	1
100	7	0.0	3	7
101	285	0.0	3	206 73 5 1

=== Second read: Adapter 2 ===

Sequence: GATCGGAAGAGCGTCGTGTAGGGAAAGAGTGT; Type: regular 3'; Length: 32; Trimmed: 463270 times.

No. of allowed errors:
0-9 bp: 0; 10-19 bp: 1; 20-29 bp: 2; 30-32 bp: 3

Bases preceding removed adapters:
  A: 59.3%
  C: 5.8%
  G: 17.7%
  T: 17.2%
  none/other: 0.1%

Overview of removed sequences
length	count	expect	max.err	error counts
3	241229	255441.5	0	241229
4	62146	63860.4	0	62146
5	19793	15965.1	0	19793
6	12869	3991.3	0	12869
7	10101	997.8	0	10101
8	9014	249.5	0	9014
9	8413	62.4	0	7942 471
10	8235	15.6	1	7410 825
11	7300	3.9	1	6829 471
12	6547	1.0	1	6242 305
13	5990	0.2	1	5836 154
14	5685	0.1	1	5508 177
15	5401	0.0	1	5234 167
16	4908	0.0	1	4768 140
17	4421	0.0	1	4225 196
18	4048	0.0	1	3903 142 3
19	3551	0.0	1	3417 117 17
20	3291	0.0	2	3154 119 18
21	3110	0.0	2	2980 106 24
22	2798	0.0	2	2682 88 28
23	2567	0.0	2	2430 115 22
24	2443	0.0	2	2277 137 29
25	2265	0.0	2	2109 133 23
26	2058	0.0	2	1940 98 20
27	1992	0.0	2	1858 101 33
28	1774	0.0	2	1653 103 18
29	1599	0.0	2	1504 77 16 2
30	1427	0.0	3	1304 82 26 15
31	1333	0.0	3	1234 81 14 4
32	1264	0.0	3	1168 64 21 11
33	1134	0.0	3	1053 54 14 13
34	1049	0.0	3	967 56 17 9
35	1056	0.0	3	977 49 16 14
36	977	0.0	3	903 59 13 2
37	922	0.0	3	856 40 13 13
38	891	0.0	3	814 56 16 5
39	762	0.0	3	697 40 11 14
40	663	0.0	3	597 45 11 10
41	571	0.0	3	515 34 15 7
42	543	0.0	3	489 35 9 10
43	500	0.0	3	447 32 14 7
44	487	0.0	3	430 38 5 14
45	453	0.0	3	402 34 5 12
46	474	0.0	3	423 31 6 14
47	401	0.0	3	361 26 7 7
48	411	0.0	3	370 30 7 4
49	382	0.0	3	329 27 10 16
50	295	0.0	3	245 27 16 7
51	306	0.0	3	256 25 10 15
52	254	0.0	3	214 25 6 9
53	259	0.0	3	211 25 15 8
54	238	0.0	3	195 20 15 8
55	212	0.0	3	177 23 6 6
56	212	0.0	3	179 21 6 6
57	181	0.0	3	153 15 9 4
58	148	0.0	3	125 14 7 2
59	168	0.0	3	144 9 4 11
60	137	0.0	3	109 16 9 3
61	128	0.0	3	102 16 6 4
62	129	0.0	3	104 12 7 6
63	106	0.0	3	81 12 7 6
64	90	0.0	3	67 9 8 6
65	73	0.0	3	54 5 7 7
66	74	0.0	3	53 14 5 2
67	59	0.0	3	45 6 5 3
68	58	0.0	3	40 7 8 3
69	68	0.0	3	50 7 5 6
70	68	0.0	3	50 8 4 6
71	44	0.0	3	31 8 4 1
72	42	0.0	3	24 11 4 3
73	36	0.0	3	23 5 6 2
74	45	0.0	3	31 6 6 2
75	39	0.0	3	26 6 3 4
76	25	0.0	3	17 3 4 1
77	27	0.0	3	22 2 1 2
78	27	0.0	3	16 3 4 4
79	11	0.0	3	8 0 3
80	18	0.0	3	12 1 2 3
81	16	0.0	3	14 2
82	29	0.0	3	25 2 2
83	17	0.0	3	15 0 0 2
84	17	0.0	3	12 3 0 2
85	4	0.0	3	2 1 1
86	17	0.0	3	17
87	4	0.0	3	3 1
88	17	0.0	3	17
89	3	0.0	3	3
90	12	0.0	3	8 1 2 1
91	4	0.0	3	4
92	9	0.0	3	6 3
93	4	0.0	3	3 0 0 1
94	10	0.0	3	8 0 1 1
95	8	0.0	3	7 0 0 1
96	4	0.0	3	4
97	3	0.0	3	2 1
98	4	0.0	3	3 0 1
99	5	0.0	3	0 2 0 3
100	8	0.0	3	4 2 0 2
101	250	0.0	3	200 36 4 10

This is cutadapt 1.14 with Python 2.7.13
Command line parameters: -a GATCGGAAGAGCACACGTCTGAACTCCAGTCAC -A GATCGGAAGAGCGTCGTGTAGGGAAAGAGTGT -f fastq -o 23_4A_control_R1.trimmed.fastq -p 23_4A_control_R2.trimmed.fastq 23_4A_control_S17_L008_R1_001.fastq 23_4A_control_S17_L008_R2_001.fastq
Trimming 2 adapters with at most 10.0% errors in paired-end mode ...
Finished in 1160.41 s (26 us/read; 2.29 M reads/minute).

=== Summary ===

Total read pairs processed:         44,303,262
  Read 1 with adapter:               1,077,486 (2.4%)
  Read 2 with adapter:               1,163,591 (2.6%)
Pairs written (passing filters):    44,303,262 (100.0%)

Total basepairs processed: 8,949,258,924 bp
  Read 1: 4,474,629,462 bp
  Read 2: 4,474,629,462 bp
Total written (filtered):  8,928,287,251 bp (99.8%)
  Read 1: 4,464,439,424 bp
  Read 2: 4,463,847,827 bp

=== First read: Adapter 1 ===

Sequence: GATCGGAAGAGCACACGTCTGAACTCCAGTCAC; Type: regular 3'; Length: 33; Trimmed: 1077486 times.

No. of allowed errors:
0-9 bp: 0; 10-19 bp: 1; 20-29 bp: 2; 30-33 bp: 3

Bases preceding removed adapters:
  A: 50.8%
  C: 10.6%
  G: 18.4%
  T: 18.5%
  none/other: 1.6%

Overview of removed sequences
length	count	expect	max.err	error counts
3	553498	692238.5	0	553498
4	166996	173059.6	0	166996
5	35482	43264.9	0	35482
6	24287	10816.2	0	24287
7	15621	2704.1	0	15621
8	15017	676.0	0	15017
9	15520	169.0	0	14872 648
10	14439	42.3	1	13408 1031
11	13543	10.6	1	12770 773
12	12894	2.6	1	12340 554
13	12154	0.7	1	11691 463
14	11463	0.2	1	11043 420
15	10948	0.0	1	10488 460
16	10450	0.0	1	10059 391
17	9872	0.0	1	9456 416
18	9264	0.0	1	8863 390 11
19	8585	0.0	1	8180 388 17
20	8210	0.0	2	7787 360 63
21	7950	0.0	2	7555 344 51
22	7409	0.0	2	7007 344 58
23	7089	0.0	2	6642 384 63
24	6429	0.0	2	6066 297 66
25	6259	0.0	2	5870 332 57
26	5634	0.0	2	5300 277 57
27	5383	0.0	2	5066 263 46 8
28	5153	0.0	2	4830 248 60 15
29	4889	0.0	2	4555 279 41 14
30	4264	0.0	3	3937 257 51 19
31	3996	0.0	3	3703 238 38 17
32	3739	0.0	3	3468 227 32 12
33	3510	0.0	3	3237 229 28 16
34	3177	0.0	3	2970 156 32 19
35	3109	0.0	3	2877 187 34 11
36	2850	0.0	3	2679 122 29 20
37	2627	0.0	3	2437 153 25 12
38	2535	0.0	3	2341 152 29 13
39	2309	0.0	3	2130 137 27 15
40	2048	0.0	3	1920 101 20 7
41	1917	0.0	3	1775 124 14 4
42	1656	0.0	3	1535 92 22 7
43	1519	0.0	3	1420 77 17 5
44	1437	0.0	3	1322 83 23 9
45	1319	0.0	3	1218 70 18 13
46	1174	0.0	3	1087 64 16 7
47	1055	0.0	3	957 78 13 7
48	1022	0.0	3	955 54 7 6
49	964	0.0	3	895 51 7 11
50	887	0.0	3	824 52 8 3
51	766	0.0	3	699 53 3 11
52	690	0.0	3	627 52 8 3
53	655	0.0	3	603 40 9 3
54	604	0.0	3	546 44 4 10
55	491	0.0	3	455 25 7 4
56	476	0.0	3	439 27 5 5
57	434	0.0	3	398 23 9 4
58	409	0.0	3	360 37 7 5
59	431	0.0	3	393 27 7 4
60	390	0.0	3	359 26 2 3
61	348	0.0	3	314 20 9 5
62	309	0.0	3	273 18 7 11
63	283	0.0	3	262 13 5 3
64	247	0.0	3	221 16 4 6
65	218	0.0	3	191 15 8 4
66	187	0.0	3	163 15 4 5
67	163	0.0	3	150 7 4 2
68	189	0.0	3	169 15 2 3
69	182	0.0	3	159 13 6 4
70	118	0.0	3	106 7 3 2
71	119	0.0	3	109 8 1 1
72	83	0.0	3	71 6 4 2
73	62	0.0	3	57 3 1 1
74	61	0.0	3	55 5 1
75	48	0.0	3	42 3 2 1
76	38	0.0	3	33 5
77	33	0.0	3	26 4 1 2
78	21	0.0	3	19 2
79	26	0.0	3	23 1 2
80	22	0.0	3	20 1 1
81	12	0.0	3	9 2 0 1
82	13	0.0	3	8 3 2
83	13	0.0	3	13
84	12	0.0	3	11 0 0 1
85	14	0.0	3	12 1 1
86	14	0.0	3	14
87	8	0.0	3	8
88	5	0.0	3	4 1
89	6	0.0	3	6
90	11	0.0	3	10 1
91	4	0.0	3	3 0 1
92	9	0.0	3	9
93	3	0.0	3	3
94	3	0.0	3	1 1 0 1
95	5	0.0	3	5
96	3	0.0	3	3
97	7	0.0	3	6 1
98	5	0.0	3	4 1
99	1	0.0	3	1
100	9	0.0	3	7 0 1 1
101	17674	0.0	3	16096 1379 161 38

=== Second read: Adapter 2 ===

Sequence: GATCGGAAGAGCGTCGTGTAGGGAAAGAGTGT; Type: regular 3'; Length: 32; Trimmed: 1163591 times.

No. of allowed errors:
0-9 bp: 0; 10-19 bp: 1; 20-29 bp: 2; 30-32 bp: 3

Bases preceding removed adapters:
  A: 53.8%
  C: 7.5%
  G: 19.5%
  T: 17.7%
  none/other: 1.5%

Overview of removed sequences
length	count	expect	max.err	error counts
3	642325	692238.5	0	642325
4	144112	173059.6	0	144112
5	45165	43264.9	0	45165
6	21789	10816.2	0	21789
7	16174	2704.1	0	16174
8	15333	676.0	0	15333
9	16408	169.0	0	15176 1232
10	15628	42.3	1	13714 1914
11	14210	10.6	1	13061 1149
12	13202	2.6	1	12632 570
13	12391	0.7	1	12048 343
14	11675	0.2	1	11267 408
15	11208	0.0	1	10776 432
16	10662	0.0	1	10256 406
17	10081	0.0	1	9626 455
18	9449	0.0	1	9100 342 7
19	8722	0.0	1	8330 355 37
20	8426	0.0	2	7992 352 82
21	8189	0.0	2	7766 347 76
22	7626	0.0	2	7192 347 87
23	7293	0.0	2	6897 319 77
24	6602	0.0	2	6224 310 68
25	6440	0.0	2	6042 323 75
26	5790	0.0	2	5441 281 68
27	5580	0.0	2	5223 280 77
28	5326	0.0	2	4978 263 84 1
29	5092	0.0	2	4732 286 71 3
30	4431	0.0	3	4026 290 79 36
31	4151	0.0	3	3818 220 65 48
32	3908	0.0	3	3598 219 52 39
33	3680	0.0	3	3389 196 63 32
34	3330	0.0	3	3068 145 65 52
35	3265	0.0	3	2979 160 69 57
36	3023	0.0	3	2771 143 63 46
37	2804	0.0	3	2556 129 62 57
38	2694	0.0	3	2422 128 92 52
39	2486	0.0	3	2272 103 42 69
40	2199	0.0	3	1982 129 38 50
41	2058	0.0	3	1882 95 32 49
42	1809	0.0	3	1642 93 33 41
43	1633	0.0	3	1501 67 34 31
44	1572	0.0	3	1388 93 48 43
45	1446	0.0	3	1296 77 38 35
46	1306	0.0	3	1167 70 30 39
47	1210	0.0	3	1057 61 45 47
48	1148	0.0	3	1020 66 32 30
49	1090	0.0	3	953 87 31 19
50	1031	0.0	3	901 60 38 32
51	903	0.0	3	789 51 33 30
52	790	0.0	3	686 53 30 21
53	765	0.0	3	659 46 31 29
54	735	0.0	3	627 46 31 31
55	618	0.0	3	500 54 32 32
56	583	0.0	3	476 52 27 28
57	584	0.0	3	474 47 25 38
58	509	0.0	3	416 40 26 27
59	540	0.0	3	457 34 22 27
60	505	0.0	3	421 35 18 31
61	470	0.0	3	370 43 27 30
62	410	0.0	3	326 39 22 23
63	382	0.0	3	306 29 22 25
64	344	0.0	3	281 24 17 22
65	309	0.0	3	251 23 20 15
66	264	0.0	3	213 20 18 13
67	242	0.0	3	187 26 15 14
68	277	0.0	3	216 18 23 20
69	274	0.0	3	213 26 13 22
70	205	0.0	3	149 21 12 23
71	185	0.0	3	138 20 11 16
72	133	0.0	3	97 13 11 12
73	134	0.0	3	85 13 17 19
74	113	0.0	3	80 10 9 14
75	93	0.0	3	58 14 8 13
76	87	0.0	3	57 9 13 8
77	79	0.0	3	49 7 15 8
78	47	0.0	3	30 4 7 6
79	53	0.0	3	27 9 8 9
80	29	0.0	3	24 0 1 4
81	19	0.0	3	14 0 3 2
82	19	0.0	3	9 4 3 3
83	21	0.0	3	15 2 1 3
84	20	0.0	3	9 6 3 2
85	20	0.0	3	17 0 1 2
86	26	0.0	3	16 3 0 7
87	12	0.0	3	7 2 2 1
88	9	0.0	3	4 3 0 2
89	13	0.0	3	8 0 0 5
90	16	0.0	3	11 0 0 5
91	4	0.0	3	3 0 1
92	14	0.0	3	8 1 4 1
93	6	0.0	3	3 0 1 2
94	4	0.0	3	2 0 0 2
95	6	0.0	3	5 0 0 1
96	5	0.0	3	1 2 1 1
97	12	0.0	3	7 0 2 3
98	7	0.0	3	4 0 0 3
99	10	0.0	3	1 1 2 6
100	8	0.0	3	5 2 0 1
101	17506	0.0	3	16042 1179 199 86

trial cutadapt is complete for 19_3F_fox and 23_4A_control libraries
